
**** 03/16/05 09:36:21 *********** Evaluation PSpice (Nov 1999) **************

 * D:\users\fh\simlabor\v2_pspice\transistor_3.sch


 ****     CIRCUIT DESCRIPTION


******************************************************************************




* Schematics Version 9.1 - Web Update 1
* Wed Mar 16 09:36:16 2005



** Analysis setup **
.tran 0ns 2ms 0 2us
.STEP  PARAM Vin LIST 
+ 1V,2V


* From [PSPICE NETLIST] section of pspiceev.ini:
.lib "nom.lib"

.INC "transistor_3.net"

**** INCLUDING transistor_3.net ****
* Schematics Netlist *



C_C1         $N_0001 $N_0002  10u  
R_RC         $N_0004 $N_0003  10k  
Q_T1         $N_0004 $N_0002 $N_0005 QBC548B
R_R2         0 $N_0002  20k  
V_VB         $N_0003 0 15V
C_C2         $N_0004 $N_0006  10u  
R_RL         0 $N_0006  1M  
R_R1         $N_0002 $N_0003  100k  
R_RE         0 $N_0005  2k  
V_Vin         $N_0001 0  AC 1V
+SIN 0 1V 1Khz 0 0 0

**** RESUMING transistor_3.cir ****
.INC "transistor_3.als"



**** INCLUDING transistor_3.als ****
* Schematics Aliases *

.ALIASES
C_C1            C1(1=$N_0001 2=$N_0002 )
R_RC            RC(1=$N_0004 2=$N_0003 )
Q_T1            T1(c=$N_0004 b=$N_0002 e=$N_0005 )
R_R2            R2(1=0 2=$N_0002 )
V_VB            VB(+=$N_0003 -=0 )
C_C2            C2(1=$N_0004 2=$N_0006 )
R_RL            RL(1=0 2=$N_0006 )
R_R1            R1(1=$N_0002 2=$N_0003 )
R_RE            RE(1=0 2=$N_0005 )
V_Vin           Vin(+=$N_0001 -=0 )
.ENDALIASES


**** RESUMING transistor_3.cir ****
.probe


.END


ERROR -- Undefined parameter: Vin